# JRE version: 7.0_11-b21
# Java VM: Java HotSpot(TM) 64-Bit Server VM (23.6-b04 mixed mode windows-amd64 compressed oops)
Heap
 PSYoungGen      total 327104K, used 147376K [0x00000000eaab0000, 0x0000000100000000, 0x0000000100000000)
  eden space 303488K, 48% used [0x00000000eaab0000,0x00000000f3a9c200,0x00000000fd310000)
  from space 23616K, 0% used [0x00000000fe8f0000,0x00000000fe8f0000,0x0000000100000000)
  to   space 22400K, 0% used [0x00000000fd310000,0x00000000fd310000,0x00000000fe8f0000)
 ParOldGen       total 84608K, used 43315K [0x00000000c0000000, 0x00000000c52a0000, 0x00000000eaab0000)
  object space 84608K, 51% used [0x00000000c0000000,0x00000000c2a4cde0,0x00000000c52a0000)
 PSPermGen       total 87936K, used 46006K [0x00000000b0000000, 0x00000000b55e0000, 0x00000000c0000000)
  object space 87936K, 52% used [0x00000000b0000000,0x00000000b2ced908,0x00000000b55e0000)
GC Heap History (10 events):
Event: 11.845 GC heap before
{Heap before GC invocations=9 (full 0):
 PSYoungGen      total 137344K, used 127680K [0x00000000eaab0000, 0x00000000f3cb0000, 0x0000000100000000)
  eden space 126528K, 100% used [0x00000000eaab0000,0x00000000f2640000,0x00000000f2640000)
  from space 10816K, 10% used [0x00000000f3140000,0x00000000f3260000,0x00000000f3bd0000)
  to   space 11264K, 0% used [0x00000000f2640000,0x00000000f2640000,0x00000000f3140000)
 ParOldGen       total 84608K, used 14214K [0x00000000c0000000, 0x00000000c52a0000, 0x00000000eaab0000)
  object space 84608K, 16% used [0x00000000c0000000,0x00000000c0de1840,0x00000000c52a0000)
 PSPermGen       total 22208K, used 22163K [0x00000000b0000000, 0x00000000b15b0000, 0x00000000c0000000)
  object space 22208K, 99% used [0x00000000b0000000,0x00000000b15a4e28,0x00000000b15b0000)
Event: 11.851 GC heap after
Heap after GC invocations=9 (full 0):
 PSYoungGen      total 137792K, used 1536K [0x00000000eaab0000, 0x00000000f86b0000, 0x0000000100000000)
  eden space 126528K, 0% used [0x00000000eaab0000,0x00000000eaab0000,0x00000000f2640000)
  from space 11264K, 13% used [0x00000000f2640000,0x00000000f27c0010,0x00000000f3140000)
  to   space 11392K, 0% used [0x00000000f7b90000,0x00000000f7b90000,0x00000000f86b0000)
 ParOldGen       total 84608K, used 14550K [0x00000000c0000000, 0x00000000c52a0000, 0x00000000eaab0000)
  object space 84608K, 17% used [0x00000000c0000000,0x00000000c0e35840,0x00000000c52a0000)
 PSPermGen       total 22208K, used 22163K [0x00000000b0000000, 0x00000000b15b0000, 0x00000000c0000000)
  object space 22208K, 99% used [0x00000000b0000000,0x00000000b15a4e28,0x00000000b15b0000)
}
Event: 15.155 GC heap before
{Heap before GC invocations=10 (full 0):
 PSYoungGen      total 137792K, used 128064K [0x00000000eaab0000, 0x00000000f86b0000, 0x0000000100000000)
  eden space 126528K, 100% used [0x00000000eaab0000,0x00000000f2640000,0x00000000f2640000)
  from space 11264K, 13% used [0x00000000f2640000,0x00000000f27c0010,0x00000000f3140000)
  to   space 11392K, 0% used [0x00000000f7b90000,0x00000000f7b90000,0x00000000f86b0000)
 ParOldGen       total 84608K, used 14550K [0x00000000c0000000, 0x00000000c52a0000, 0x00000000eaab0000)
  object space 84608K, 17% used [0x00000000c0000000,0x00000000c0e35840,0x00000000c52a0000)
 PSPermGen       total 30080K, used 30057K [0x00000000b0000000, 0x00000000b1d60000, 0x00000000c0000000)
  object space 30080K, 99% used [0x00000000b0000000,0x00000000b1d5a638,0x00000000b1d60000)
Event: 15.178 GC heap after
Heap after GC invocations=10 (full 0):
 PSYoungGen      total 211328K, used 11377K [0x00000000eaab0000, 0x00000000f8bb0000, 0x0000000100000000)
  eden space 199936K, 0% used [0x00000000eaab0000,0x00000000eaab0000,0x00000000f6df0000)
  from space 11392K, 99% used [0x00000000f7b90000,0x00000000f86ac6a8,0x00000000f86b0000)
  to   space 13952K, 0% used [0x00000000f6df0000,0x00000000f6df0000,0x00000000f7b90000)
 ParOldGen       total 84608K, used 16932K [0x00000000c0000000, 0x00000000c52a0000, 0x00000000eaab0000)
  object space 84608K, 20% used [0x00000000c0000000,0x00000000c10890f0,0x00000000c52a0000)
 PSPermGen       total 30080K, used 30057K [0x00000000b0000000, 0x00000000b1d60000, 0x00000000c0000000)
  object space 30080K, 99% used [0x00000000b0000000,0x00000000b1d5a638,0x00000000b1d60000)
}
Event: 18.700 GC heap before
{Heap before GC invocations=11 (full 0):
 PSYoungGen      total 211328K, used 211313K [0x00000000eaab0000, 0x00000000f8bb0000, 0x0000000100000000)
  eden space 199936K, 100% used [0x00000000eaab0000,0x00000000f6df0000,0x00000000f6df0000)
  from space 11392K, 99% used [0x00000000f7b90000,0x00000000f86ac6a8,0x00000000f86b0000)
  to   space 13952K, 0% used [0x00000000f6df0000,0x00000000f6df0000,0x00000000f7b90000)
 ParOldGen       total 84608K, used 16932K [0x00000000c0000000, 0x00000000c52a0000, 0x00000000eaab0000)
  object space 84608K, 20% used [0x00000000c0000000,0x00000000c10890f0,0x00000000c52a0000)
 PSPermGen       total 41408K, used 41399K [0x00000000b0000000, 0x00000000b2870000, 0x00000000c0000000)
  object space 41408K, 99% used [0x00000000b0000000,0x00000000b286dcb8,0x00000000b2870000)
Event: 18.743 GC heap after
Heap after GC invocations=11 (full 0):
 PSYoungGen      total 213888K, used 13952K [0x00000000eaab0000, 0x0000000100000000, 0x0000000100000000)
  eden space 199936K, 0% used [0x00000000eaab0000,0x00000000eaab0000,0x00000000f6df0000)
  from space 13952K, 100% used [0x00000000f6df0000,0x00000000f7b90000,0x00000000f7b90000)
  to   space 23616K, 0% used [0x00000000fe8f0000,0x00000000fe8f0000,0x0000000100000000)
 ParOldGen       total 84608K, used 37262K [0x00000000c0000000, 0x00000000c52a0000, 0x00000000eaab0000)
  object space 84608K, 44% used [0x00000000c0000000,0x00000000c2463898,0x00000000c52a0000)
 PSPermGen       total 41408K, used 41399K [0x00000000b0000000, 0x00000000b2870000, 0x00000000c0000000)
  object space 41408K, 99% used [0x00000000b0000000,0x00000000b286dcb8,0x00000000b2870000)
}
Event: 19.729 GC heap before
{Heap before GC invocations=12 (full 0):
 PSYoungGen      total 213888K, used 87997K [0x00000000eaab0000, 0x0000000100000000, 0x0000000100000000)
  eden space 199936K, 37% used [0x00000000eaab0000,0x00000000ef2ff6a0,0x00000000f6df0000)
  from space 13952K, 100% used [0x00000000f6df0000,0x00000000f7b90000,0x00000000f7b90000)
  to   space 23616K, 0% used [0x00000000fe8f0000,0x00000000fe8f0000,0x0000000100000000)
 ParOldGen       total 84608K, used 37262K [0x00000000c0000000, 0x00000000c52a0000, 0x00000000eaab0000)
  object space 84608K, 44% used [0x00000000c0000000,0x00000000c2463898,0x00000000c52a0000)
 PSPermGen       total 43904K, used 43846K [0x00000000b0000000, 0x00000000b2ae0000, 0x00000000c0000000)
  object space 43904K, 99% used [0x00000000b0000000,0x00000000b2ad1918,0x00000000b2ae0000)
Event: 19.761 GC heap after
Heap after GC invocations=12 (full 0):
 PSYoungGen      total 327104K, used 7161K [0x00000000eaab0000, 0x0000000100000000, 0x0000000100000000)
  eden space 303488K, 0% used [0x00000000eaab0000,0x00000000eaab0000,0x00000000fd310000)
  from space 23616K, 30% used [0x00000000fe8f0000,0x00000000fefee688,0x0000000100000000)
  to   space 22400K, 0% used [0x00000000fd310000,0x00000000fd310000,0x00000000fe8f0000)
 ParOldGen       total 84608K, used 51155K [0x00000000c0000000, 0x00000000c52a0000, 0x00000000eaab0000)
  object space 84608K, 60% used [0x00000000c0000000,0x00000000c31f4d60,0x00000000c52a0000)
 PSPermGen       total 43904K, used 43846K [0x00000000b0000000, 0x00000000b2ae0000, 0x00000000c0000000)
  object space 43904K, 99% used [0x00000000b0000000,0x00000000b2ad1918,0x00000000b2ae0000)
}
Event: 19.761 GC heap before
{Heap before GC invocations=13 (full 1):
 PSYoungGen      total 327104K, used 7161K [0x00000000eaab0000, 0x0000000100000000, 0x0000000100000000)
  eden space 303488K, 0% used [0x00000000eaab0000,0x00000000eaab0000,0x00000000fd310000)
  from space 23616K, 30% used [0x00000000fe8f0000,0x00000000fefee688,0x0000000100000000)
  to   space 22400K, 0% used [0x00000000fd310000,0x00000000fd310000,0x00000000fe8f0000)
 ParOldGen       total 84608K, used 51155K [0x00000000c0000000, 0x00000000c52a0000, 0x00000000eaab0000)
  object space 84608K, 60% used [0x00000000c0000000,0x00000000c31f4d60,0x00000000c52a0000)
 PSPermGen       total 43904K, used 43846K [0x00000000b0000000, 0x00000000b2ae0000, 0x00000000c0000000)
  object space 43904K, 99% used [0x00000000b0000000,0x00000000b2ad1918,0x00000000b2ae0000)
Event: 20.322 GC heap after
Heap after GC invocations=13 (full 1):
 PSYoungGen      total 327104K, used 0K [0x00000000eaab0000, 0x0000000100000000, 0x0000000100000000)
  eden space 303488K, 0% used [0x00000000eaab0000,0x00000000eaab0000,0x00000000fd310000)
  from space 23616K, 0% used [0x00000000fe8f0000,0x00000000fe8f0000,0x0000000100000000)
  to   space 22400K, 0% used [0x00000000fd310000,0x00000000fd310000,0x00000000fe8f0000)
 ParOldGen       total 84608K, used 43315K [0x00000000c0000000, 0x00000000c52a0000, 0x00000000eaab0000)
  object space 84608K, 51% used [0x00000000c0000000,0x00000000c2a4cde0,0x00000000c52a0000)
 PSPermGen       total 87936K, used 43784K [0x00000000b0000000, 0x00000000b55e0000, 0x00000000c0000000)
  object space 87936K, 49% used [0x00000000b0000000,0x00000000b2ac22f8,0x00000000b55e0000)
}

