# JRE version: 7.0_11-b21
# Java VM: Java HotSpot(TM) 64-Bit Server VM (23.6-b04 mixed mode windows-amd64 compressed oops)
Heap
 PSYoungGen      total 245376K, used 234451K [0x00000000eaab0000, 0x00000000fe8a0000, 0x0000000100000000)
  eden space 239552K, 95% used [0x00000000eaab0000,0x00000000f89f57c8,0x00000000f94a0000)
  from space 5824K, 99% used [0x00000000fe2f0000,0x00000000fe89f7b0,0x00000000fe8a0000)
  to   space 28928K, 0% used [0x00000000fb020000,0x00000000fb020000,0x00000000fcc60000)
 ParOldGen       total 84608K, used 35308K [0x00000000c0000000, 0x00000000c52a0000, 0x00000000eaab0000)
  object space 84608K, 41% used [0x00000000c0000000,0x00000000c227b1f0,0x00000000c52a0000)
 PSPermGen       total 104704K, used 48070K [0x00000000b0000000, 0x00000000b6640000, 0x00000000c0000000)
  object space 104704K, 45% used [0x00000000b0000000,0x00000000b2ef18a8,0x00000000b6640000)
GC Heap History (10 events):
Event: 14.847 GC heap before
{Heap before GC invocations=10 (full 1):
 PSYoungGen      total 272640K, used 21729K [0x00000000eaab0000, 0x00000000fd870000, 0x0000000100000000)
  eden space 245376K, 0% used [0x00000000eaab0000,0x00000000eaab0000,0x00000000f9a50000)
  from space 27264K, 79% used [0x00000000f9a50000,0x00000000faf88698,0x00000000fb4f0000)
  to   space 29248K, 0% used [0x00000000fbbe0000,0x00000000fbbe0000,0x00000000fd870000)
 ParOldGen       total 84608K, used 33045K [0x00000000c0000000, 0x00000000c52a0000, 0x00000000eaab0000)
  object space 84608K, 39% used [0x00000000c0000000,0x00000000c20454a8,0x00000000c52a0000)
 PSPermGen       total 46208K, used 46084K [0x00000000b0000000, 0x00000000b2d20000, 0x00000000c0000000)
  object space 46208K, 99% used [0x00000000b0000000,0x00000000b2d01158,0x00000000b2d20000)
Event: 15.245 GC heap after
Heap after GC invocations=10 (full 1):
 PSYoungGen      total 272640K, used 0K [0x00000000eaab0000, 0x00000000fd870000, 0x0000000100000000)
  eden space 245376K, 0% used [0x00000000eaab0000,0x00000000eaab0000,0x00000000f9a50000)
  from space 27264K, 0% used [0x00000000f9a50000,0x00000000f9a50000,0x00000000fb4f0000)
  to   space 29248K, 0% used [0x00000000fbbe0000,0x00000000fbbe0000,0x00000000fd870000)
 ParOldGen       total 84608K, used 42038K [0x00000000c0000000, 0x00000000c52a0000, 0x00000000eaab0000)
  object space 84608K, 49% used [0x00000000c0000000,0x00000000c290d970,0x00000000c52a0000)
 PSPermGen       total 92416K, used 46058K [0x00000000b0000000, 0x00000000b5a40000, 0x00000000c0000000)
  object space 92416K, 49% used [0x00000000b0000000,0x00000000b2cfabb8,0x00000000b5a40000)
}
Event: 139.790 GC heap before
{Heap before GC invocations=11 (full 1):
 PSYoungGen      total 272640K, used 245376K [0x00000000eaab0000, 0x00000000fd870000, 0x0000000100000000)
  eden space 245376K, 100% used [0x00000000eaab0000,0x00000000f9a50000,0x00000000f9a50000)
  from space 27264K, 0% used [0x00000000f9a50000,0x00000000f9a50000,0x00000000fb4f0000)
  to   space 29248K, 0% used [0x00000000fbbe0000,0x00000000fbbe0000,0x00000000fd870000)
 ParOldGen       total 84608K, used 42038K [0x00000000c0000000, 0x00000000c52a0000, 0x00000000eaab0000)
  object space 84608K, 49% used [0x00000000c0000000,0x00000000c290d970,0x00000000c52a0000)
 PSPermGen       total 92416K, used 46703K [0x00000000b0000000, 0x00000000b5a40000, 0x00000000c0000000)
  object space 92416K, 50% used [0x00000000b0000000,0x00000000b2d9be80,0x00000000b5a40000)
Event: 139.801 GC heap after
Heap after GC invocations=11 (full 1):
 PSYoungGen      total 279872K, used 5485K [0x00000000eaab0000, 0x0000000100000000, 0x0000000100000000)
  eden space 250624K, 0% used [0x00000000eaab0000,0x00000000eaab0000,0x00000000f9f70000)
  from space 29248K, 18% used [0x00000000fbbe0000,0x00000000fc13b7e0,0x00000000fd870000)
  to   space 29120K, 0% used [0x00000000f9f70000,0x00000000f9f70000,0x00000000fbbe0000)
 ParOldGen       total 84608K, used 42046K [0x00000000c0000000, 0x00000000c52a0000, 0x00000000eaab0000)
  object space 84608K, 49% used [0x00000000c0000000,0x00000000c290f970,0x00000000c52a0000)
 PSPermGen       total 92416K, used 46703K [0x00000000b0000000, 0x00000000b5a40000, 0x00000000c0000000)
  object space 92416K, 50% used [0x00000000b0000000,0x00000000b2d9be80,0x00000000b5a40000)
}
Event: 143.398 GC heap before
{Heap before GC invocations=12 (full 1):
 PSYoungGen      total 279872K, used 44709K [0x00000000eaab0000, 0x0000000100000000, 0x0000000100000000)
  eden space 250624K, 15% used [0x00000000eaab0000,0x00000000ed0fdfb0,0x00000000f9f70000)
  from space 29248K, 18% used [0x00000000fbbe0000,0x00000000fc13b7e0,0x00000000fd870000)
  to   space 29120K, 0% used [0x00000000f9f70000,0x00000000f9f70000,0x00000000fbbe0000)
 ParOldGen       total 84608K, used 42046K [0x00000000c0000000, 0x00000000c52a0000, 0x00000000eaab0000)
  object space 84608K, 49% used [0x00000000c0000000,0x00000000c290f970,0x00000000c52a0000)
 PSPermGen       total 92416K, used 46734K [0x00000000b0000000, 0x00000000b5a40000, 0x00000000c0000000)
  object space 92416K, 50% used [0x00000000b0000000,0x00000000b2da3bf8,0x00000000b5a40000)
Event: 143.401 GC heap after
Heap after GC invocations=12 (full 1):
 PSYoungGen      total 279744K, used 160K [0x00000000eaab0000, 0x0000000100000000, 0x0000000100000000)
  eden space 250624K, 0% used [0x00000000eaab0000,0x00000000eaab0000,0x00000000f9f70000)
  from space 29120K, 0% used [0x00000000f9f70000,0x00000000f9f98000,0x00000000fbbe0000)
  to   space 29760K, 0% used [0x00000000fe2f0000,0x00000000fe2f0000,0x0000000100000000)
 ParOldGen       total 84608K, used 42894K [0x00000000c0000000, 0x00000000c52a0000, 0x00000000eaab0000)
  object space 84608K, 50% used [0x00000000c0000000,0x00000000c29e3a78,0x00000000c52a0000)
 PSPermGen       total 92416K, used 46734K [0x00000000b0000000, 0x00000000b5a40000, 0x00000000c0000000)
  object space 92416K, 50% used [0x00000000b0000000,0x00000000b2da3bf8,0x00000000b5a40000)
}
Event: 143.401 GC heap before
{Heap before GC invocations=13 (full 2):
 PSYoungGen      total 279744K, used 160K [0x00000000eaab0000, 0x0000000100000000, 0x0000000100000000)
  eden space 250624K, 0% used [0x00000000eaab0000,0x00000000eaab0000,0x00000000f9f70000)
  from space 29120K, 0% used [0x00000000f9f70000,0x00000000f9f98000,0x00000000fbbe0000)
  to   space 29760K, 0% used [0x00000000fe2f0000,0x00000000fe2f0000,0x0000000100000000)
 ParOldGen       total 84608K, used 42894K [0x00000000c0000000, 0x00000000c52a0000, 0x00000000eaab0000)
  object space 84608K, 50% used [0x00000000c0000000,0x00000000c29e3a78,0x00000000c52a0000)
 PSPermGen       total 92416K, used 46734K [0x00000000b0000000, 0x00000000b5a40000, 0x00000000c0000000)
  object space 92416K, 50% used [0x00000000b0000000,0x00000000b2da3bf8,0x00000000b5a40000)
Event: 143.572 GC heap after
Heap after GC invocations=13 (full 2):
 PSYoungGen      total 279744K, used 0K [0x00000000eaab0000, 0x0000000100000000, 0x0000000100000000)
  eden space 250624K, 0% used [0x00000000eaab0000,0x00000000eaab0000,0x00000000f9f70000)
  from space 29120K, 0% used [0x00000000f9f70000,0x00000000f9f70000,0x00000000fbbe0000)
  to   space 29760K, 0% used [0x00000000fe2f0000,0x00000000fe2f0000,0x0000000100000000)
 ParOldGen       total 84608K, used 35308K [0x00000000c0000000, 0x00000000c52a0000, 0x00000000eaab0000)
  object space 84608K, 41% used [0x00000000c0000000,0x00000000c227b1f0,0x00000000c52a0000)
 PSPermGen       total 104704K, used 46732K [0x00000000b0000000, 0x00000000b6640000, 0x00000000c0000000)
  object space 104704K, 44% used [0x00000000b0000000,0x00000000b2da3358,0x00000000b6640000)
}
Event: 211.782 GC heap before
{Heap before GC invocations=14 (full 2):
 PSYoungGen      total 279744K, used 250624K [0x00000000eaab0000, 0x0000000100000000, 0x0000000100000000)
  eden space 250624K, 100% used [0x00000000eaab0000,0x00000000f9f70000,0x00000000f9f70000)
  from space 29120K, 0% used [0x00000000f9f70000,0x00000000f9f70000,0x00000000fbbe0000)
  to   space 29760K, 0% used [0x00000000fe2f0000,0x00000000fe2f0000,0x0000000100000000)
 ParOldGen       total 84608K, used 35308K [0x00000000c0000000, 0x00000000c52a0000, 0x00000000eaab0000)
  object space 84608K, 41% used [0x00000000c0000000,0x00000000c227b1f0,0x00000000c52a0000)
 PSPermGen       total 104704K, used 47443K [0x00000000b0000000, 0x00000000b6640000, 0x00000000c0000000)
  object space 104704K, 45% used [0x00000000b0000000,0x00000000b2e54e18,0x00000000b6640000)
Event: 211.791 GC heap after
Heap after GC invocations=14 (full 2):
 PSYoungGen      total 245376K, used 5821K [0x00000000eaab0000, 0x00000000fe8a0000, 0x0000000100000000)
  eden space 239552K, 0% used [0x00000000eaab0000,0x00000000eaab0000,0x00000000f94a0000)
  from space 5824K, 99% used [0x00000000fe2f0000,0x00000000fe89f7b0,0x00000000fe8a0000)
  to   space 28928K, 0% used [0x00000000fb020000,0x00000000fb020000,0x00000000fcc60000)
 ParOldGen       total 84608K, used 35308K [0x00000000c0000000, 0x00000000c52a0000, 0x00000000eaab0000)
  object space 84608K, 41% used [0x00000000c0000000,0x00000000c227b1f0,0x00000000c52a0000)
 PSPermGen       total 104704K, used 47443K [0x00000000b0000000, 0x00000000b6640000, 0x00000000c0000000)
  object space 104704K, 45% used [0x00000000b0000000,0x00000000b2e54e18,0x00000000b6640000)
}

