# JRE version: 7.0_11-b21
# Java VM: Java HotSpot(TM) 64-Bit Server VM (23.6-b04 mixed mode windows-amd64 compressed oops)
Heap
 PSYoungGen      total 132224K, used 29310K [0x00000000eaab0000, 0x00000000fd4d0000, 0x0000000100000000)
  eden space 126976K, 18% used [0x00000000eaab0000,0x00000000ec234348,0x00000000f26b0000)
  from space 5248K, 99% used [0x00000000f26b0000,0x00000000f2bcb6d8,0x00000000f2bd0000)
  to   space 25664K, 0% used [0x00000000fbbc0000,0x00000000fbbc0000,0x00000000fd4d0000)
 ParOldGen       total 84608K, used 42804K [0x00000000c0000000, 0x00000000c52a0000, 0x00000000eaab0000)
  object space 84608K, 50% used [0x00000000c0000000,0x00000000c29cd260,0x00000000c52a0000)
 PSPermGen       total 21248K, used 6261K [0x00000000bae00000, 0x00000000bc2c0000, 0x00000000c0000000)
  object space 21248K, 29% used [0x00000000bae00000,0x00000000bb41d740,0x00000000bc2c0000)
GC Heap History (10 events):
Event: 6.025 GC heap before
{Heap before GC invocations=1 (full 0):
 PSYoungGen      total 36992K, used 31744K [0x00000000eaab0000, 0x00000000ed3f0000, 0x0000000100000000)
  eden space 31744K, 100% used [0x00000000eaab0000,0x00000000ec9b0000,0x00000000ec9b0000)
  from space 5248K, 0% used [0x00000000eced0000,0x00000000eced0000,0x00000000ed3f0000)
  to   space 5248K, 0% used [0x00000000ec9b0000,0x00000000ec9b0000,0x00000000eced0000)
 ParOldGen       total 84608K, used 0K [0x00000000c0000000, 0x00000000c52a0000, 0x00000000eaab0000)
  object space 84608K, 0% used [0x00000000c0000000,0x00000000c0000000,0x00000000c52a0000)
 PSPermGen       total 21248K, used 5945K [0x00000000bae00000, 0x00000000bc2c0000, 0x00000000c0000000)
  object space 21248K, 27% used [0x00000000bae00000,0x00000000bb3ce600,0x00000000bc2c0000)
Event: 6.521 GC heap after
Heap after GC invocations=1 (full 0):
 PSYoungGen      total 36992K, used 5233K [0x00000000eaab0000, 0x00000000ef2f0000, 0x0000000100000000)
  eden space 31744K, 0% used [0x00000000eaab0000,0x00000000eaab0000,0x00000000ec9b0000)
  from space 5248K, 99% used [0x00000000ec9b0000,0x00000000ececc780,0x00000000eced0000)
  to   space 5248K, 0% used [0x00000000eedd0000,0x00000000eedd0000,0x00000000ef2f0000)
 ParOldGen       total 84608K, used 1049K [0x00000000c0000000, 0x00000000c52a0000, 0x00000000eaab0000)
  object space 84608K, 1% used [0x00000000c0000000,0x00000000c0106550,0x00000000c52a0000)
 PSPermGen       total 21248K, used 5945K [0x00000000bae00000, 0x00000000bc2c0000, 0x00000000c0000000)
  object space 21248K, 27% used [0x00000000bae00000,0x00000000bb3ce600,0x00000000bc2c0000)
}
Event: 8.609 GC heap before
{Heap before GC invocations=2 (full 0):
 PSYoungGen      total 36992K, used 36977K [0x00000000eaab0000, 0x00000000ef2f0000, 0x0000000100000000)
  eden space 31744K, 100% used [0x00000000eaab0000,0x00000000ec9b0000,0x00000000ec9b0000)
  from space 5248K, 99% used [0x00000000ec9b0000,0x00000000ececc780,0x00000000eced0000)
  to   space 5248K, 0% used [0x00000000eedd0000,0x00000000eedd0000,0x00000000ef2f0000)
 ParOldGen       total 84608K, used 1049K [0x00000000c0000000, 0x00000000c52a0000, 0x00000000eaab0000)
  object space 84608K, 1% used [0x00000000c0000000,0x00000000c0106550,0x00000000c52a0000)
 PSPermGen       total 21248K, used 6066K [0x00000000bae00000, 0x00000000bc2c0000, 0x00000000c0000000)
  object space 21248K, 28% used [0x00000000bae00000,0x00000000bb3ecad0,0x00000000bc2c0000)
Event: 8.786 GC heap after
Heap after GC invocations=2 (full 0):
 PSYoungGen      total 68736K, used 5238K [0x00000000eaab0000, 0x00000000ef2f0000, 0x0000000100000000)
  eden space 63488K, 0% used [0x00000000eaab0000,0x00000000eaab0000,0x00000000ee8b0000)
  from space 5248K, 99% used [0x00000000eedd0000,0x00000000ef2edbe8,0x00000000ef2f0000)
  to   space 5248K, 0% used [0x00000000ee8b0000,0x00000000ee8b0000,0x00000000eedd0000)
 ParOldGen       total 84608K, used 5143K [0x00000000c0000000, 0x00000000c52a0000, 0x00000000eaab0000)
  object space 84608K, 6% used [0x00000000c0000000,0x00000000c0505f30,0x00000000c52a0000)
 PSPermGen       total 21248K, used 6066K [0x00000000bae00000, 0x00000000bc2c0000, 0x00000000c0000000)
  object space 21248K, 28% used [0x00000000bae00000,0x00000000bb3ecad0,0x00000000bc2c0000)
}
Event: 11.060 GC heap before
{Heap before GC invocations=3 (full 0):
 PSYoungGen      total 68736K, used 68726K [0x00000000eaab0000, 0x00000000ef2f0000, 0x0000000100000000)
  eden space 63488K, 100% used [0x00000000eaab0000,0x00000000ee8b0000,0x00000000ee8b0000)
  from space 5248K, 99% used [0x00000000eedd0000,0x00000000ef2edbe8,0x00000000ef2f0000)
  to   space 5248K, 0% used [0x00000000ee8b0000,0x00000000ee8b0000,0x00000000eedd0000)
 ParOldGen       total 84608K, used 5143K [0x00000000c0000000, 0x00000000c52a0000, 0x00000000eaab0000)
  object space 84608K, 6% used [0x00000000c0000000,0x00000000c0505f30,0x00000000c52a0000)
 PSPermGen       total 21248K, used 6128K [0x00000000bae00000, 0x00000000bc2c0000, 0x00000000c0000000)
  object space 21248K, 28% used [0x00000000bae00000,0x00000000bb3fc1f0,0x00000000bc2c0000)
Event: 11.311 GC heap after
Heap after GC invocations=3 (full 0):
 PSYoungGen      total 68736K, used 5227K [0x00000000eaab0000, 0x00000000f30f0000, 0x0000000100000000)
  eden space 63488K, 0% used [0x00000000eaab0000,0x00000000eaab0000,0x00000000ee8b0000)
  from space 5248K, 99% used [0x00000000ee8b0000,0x00000000eedcaf50,0x00000000eedd0000)
  to   space 5248K, 0% used [0x00000000f2bd0000,0x00000000f2bd0000,0x00000000f30f0000)
 ParOldGen       total 84608K, used 14572K [0x00000000c0000000, 0x00000000c52a0000, 0x00000000eaab0000)
  object space 84608K, 17% used [0x00000000c0000000,0x00000000c0e3b3a8,0x00000000c52a0000)
 PSPermGen       total 21248K, used 6128K [0x00000000bae00000, 0x00000000bc2c0000, 0x00000000c0000000)
  object space 21248K, 28% used [0x00000000bae00000,0x00000000bb3fc1f0,0x00000000bc2c0000)
}
Event: 12.261 GC heap before
{Heap before GC invocations=4 (full 0):
 PSYoungGen      total 68736K, used 68715K [0x00000000eaab0000, 0x00000000f30f0000, 0x0000000100000000)
  eden space 63488K, 100% used [0x00000000eaab0000,0x00000000ee8b0000,0x00000000ee8b0000)
  from space 5248K, 99% used [0x00000000ee8b0000,0x00000000eedcaf50,0x00000000eedd0000)
  to   space 5248K, 0% used [0x00000000f2bd0000,0x00000000f2bd0000,0x00000000f30f0000)
 ParOldGen       total 84608K, used 14572K [0x00000000c0000000, 0x00000000c52a0000, 0x00000000eaab0000)
  object space 84608K, 17% used [0x00000000c0000000,0x00000000c0e3b3a8,0x00000000c52a0000)
 PSPermGen       total 21248K, used 6165K [0x00000000bae00000, 0x00000000bc2c0000, 0x00000000c0000000)
  object space 21248K, 29% used [0x00000000bae00000,0x00000000bb4057f0,0x00000000bc2c0000)
Event: 12.414 GC heap after
Heap after GC invocations=4 (full 0):
 PSYoungGen      total 132224K, used 5218K [0x00000000eaab0000, 0x00000000f30f0000, 0x0000000100000000)
  eden space 126976K, 0% used [0x00000000eaab0000,0x00000000eaab0000,0x00000000f26b0000)
  from space 5248K, 99% used [0x00000000f2bd0000,0x00000000f30e8a90,0x00000000f30f0000)
  to   space 5248K, 0% used [0x00000000f26b0000,0x00000000f26b0000,0x00000000f2bd0000)
 ParOldGen       total 84608K, used 23910K [0x00000000c0000000, 0x00000000c52a0000, 0x00000000eaab0000)
  object space 84608K, 28% used [0x00000000c0000000,0x00000000c1759ad0,0x00000000c52a0000)
 PSPermGen       total 21248K, used 6165K [0x00000000bae00000, 0x00000000bc2c0000, 0x00000000c0000000)
  object space 21248K, 29% used [0x00000000bae00000,0x00000000bb4057f0,0x00000000bc2c0000)
}
Event: 13.348 GC heap before
{Heap before GC invocations=5 (full 0):
 PSYoungGen      total 132224K, used 132194K [0x00000000eaab0000, 0x00000000f30f0000, 0x0000000100000000)
  eden space 126976K, 100% used [0x00000000eaab0000,0x00000000f26b0000,0x00000000f26b0000)
  from space 5248K, 99% used [0x00000000f2bd0000,0x00000000f30e8a90,0x00000000f30f0000)
  to   space 5248K, 0% used [0x00000000f26b0000,0x00000000f26b0000,0x00000000f2bd0000)
 ParOldGen       total 84608K, used 23910K [0x00000000c0000000, 0x00000000c52a0000, 0x00000000eaab0000)
  object space 84608K, 28% used [0x00000000c0000000,0x00000000c1759ad0,0x00000000c52a0000)
 PSPermGen       total 21248K, used 6205K [0x00000000bae00000, 0x00000000bc2c0000, 0x00000000c0000000)
  object space 21248K, 29% used [0x00000000bae00000,0x00000000bb40f6e8,0x00000000bc2c0000)
Event: 13.553 GC heap after
Heap after GC invocations=5 (full 0):
 PSYoungGen      total 132224K, used 5229K [0x00000000eaab0000, 0x00000000fd4d0000, 0x0000000100000000)
  eden space 126976K, 0% used [0x00000000eaab0000,0x00000000eaab0000,0x00000000f26b0000)
  from space 5248K, 99% used [0x00000000f26b0000,0x00000000f2bcb6d8,0x00000000f2bd0000)
  to   space 25664K, 0% used [0x00000000fbbc0000,0x00000000fbbc0000,0x00000000fd4d0000)
 ParOldGen       total 84608K, used 42804K [0x00000000c0000000, 0x00000000c52a0000, 0x00000000eaab0000)
  object space 84608K, 50% used [0x00000000c0000000,0x00000000c29cd260,0x00000000c52a0000)
 PSPermGen       total 21248K, used 6205K [0x00000000bae00000, 0x00000000bc2c0000, 0x00000000c0000000)
  object space 21248K, 29% used [0x00000000bae00000,0x00000000bb40f6e8,0x00000000bc2c0000)
}

