# JRE version: 7.0_11-b21
# Java VM: Java HotSpot(TM) 64-Bit Server VM (23.6-b04 mixed mode windows-amd64 compressed oops)
Heap
 PSYoungGen      total 68736K, used 53907K [0x00000000eaab0000, 0x00000000f30f0000, 0x0000000100000000)
  eden space 63488K, 76% used [0x00000000eaab0000,0x00000000eda364a0,0x00000000ee8b0000)
  from space 5248K, 99% used [0x00000000ee8b0000,0x00000000eedcea00,0x00000000eedd0000)
  to   space 5248K, 0% used [0x00000000f2bd0000,0x00000000f2bd0000,0x00000000f30f0000)
 ParOldGen       total 84608K, used 14525K [0x00000000c0000000, 0x00000000c52a0000, 0x00000000eaab0000)
  object space 84608K, 17% used [0x00000000c0000000,0x00000000c0e2f560,0x00000000c52a0000)
 PSPermGen       total 21248K, used 6148K [0x00000000bae00000, 0x00000000bc2c0000, 0x00000000c0000000)
  object space 21248K, 28% used [0x00000000bae00000,0x00000000bb401368,0x00000000bc2c0000)
GC Heap History (6 events):
Event: 2.584 GC heap before
{Heap before GC invocations=1 (full 0):
 PSYoungGen      total 36992K, used 31744K [0x00000000eaab0000, 0x00000000ed3f0000, 0x0000000100000000)
  eden space 31744K, 100% used [0x00000000eaab0000,0x00000000ec9b0000,0x00000000ec9b0000)
  from space 5248K, 0% used [0x00000000eced0000,0x00000000eced0000,0x00000000ed3f0000)
  to   space 5248K, 0% used [0x00000000ec9b0000,0x00000000ec9b0000,0x00000000eced0000)
 ParOldGen       total 84608K, used 0K [0x00000000c0000000, 0x00000000c52a0000, 0x00000000eaab0000)
  object space 84608K, 0% used [0x00000000c0000000,0x00000000c0000000,0x00000000c52a0000)
 PSPermGen       total 21248K, used 5945K [0x00000000bae00000, 0x00000000bc2c0000, 0x00000000c0000000)
  object space 21248K, 27% used [0x00000000bae00000,0x00000000bb3ce450,0x00000000bc2c0000)
Event: 2.789 GC heap after
Heap after GC invocations=1 (full 0):
 PSYoungGen      total 36992K, used 5229K [0x00000000eaab0000, 0x00000000ef2f0000, 0x0000000100000000)
  eden space 31744K, 0% used [0x00000000eaab0000,0x00000000eaab0000,0x00000000ec9b0000)
  from space 5248K, 99% used [0x00000000ec9b0000,0x00000000ececb610,0x00000000eced0000)
  to   space 5248K, 0% used [0x00000000eedd0000,0x00000000eedd0000,0x00000000ef2f0000)
 ParOldGen       total 84608K, used 987K [0x00000000c0000000, 0x00000000c52a0000, 0x00000000eaab0000)
  object space 84608K, 1% used [0x00000000c0000000,0x00000000c00f6de0,0x00000000c52a0000)
 PSPermGen       total 21248K, used 5945K [0x00000000bae00000, 0x00000000bc2c0000, 0x00000000c0000000)
  object space 21248K, 27% used [0x00000000bae00000,0x00000000bb3ce450,0x00000000bc2c0000)
}
Event: 5.368 GC heap before
{Heap before GC invocations=2 (full 0):
 PSYoungGen      total 36992K, used 36973K [0x00000000eaab0000, 0x00000000ef2f0000, 0x0000000100000000)
  eden space 31744K, 100% used [0x00000000eaab0000,0x00000000ec9b0000,0x00000000ec9b0000)
  from space 5248K, 99% used [0x00000000ec9b0000,0x00000000ececb610,0x00000000eced0000)
  to   space 5248K, 0% used [0x00000000eedd0000,0x00000000eedd0000,0x00000000ef2f0000)
 ParOldGen       total 84608K, used 987K [0x00000000c0000000, 0x00000000c52a0000, 0x00000000eaab0000)
  object space 84608K, 1% used [0x00000000c0000000,0x00000000c00f6de0,0x00000000c52a0000)
 PSPermGen       total 21248K, used 6068K [0x00000000bae00000, 0x00000000bc2c0000, 0x00000000c0000000)
  object space 21248K, 28% used [0x00000000bae00000,0x00000000bb3ed118,0x00000000bc2c0000)
Event: 5.473 GC heap after
Heap after GC invocations=2 (full 0):
 PSYoungGen      total 68736K, used 5221K [0x00000000eaab0000, 0x00000000ef2f0000, 0x0000000100000000)
  eden space 63488K, 0% used [0x00000000eaab0000,0x00000000eaab0000,0x00000000ee8b0000)
  from space 5248K, 99% used [0x00000000eedd0000,0x00000000ef2e9490,0x00000000ef2f0000)
  to   space 5248K, 0% used [0x00000000ee8b0000,0x00000000ee8b0000,0x00000000eedd0000)
 ParOldGen       total 84608K, used 4781K [0x00000000c0000000, 0x00000000c52a0000, 0x00000000eaab0000)
  object space 84608K, 5% used [0x00000000c0000000,0x00000000c04ab790,0x00000000c52a0000)
 PSPermGen       total 21248K, used 6068K [0x00000000bae00000, 0x00000000bc2c0000, 0x00000000c0000000)
  object space 21248K, 28% used [0x00000000bae00000,0x00000000bb3ed118,0x00000000bc2c0000)
}
Event: 8.864 GC heap before
{Heap before GC invocations=3 (full 0):
 PSYoungGen      total 68736K, used 68709K [0x00000000eaab0000, 0x00000000ef2f0000, 0x0000000100000000)
  eden space 63488K, 100% used [0x00000000eaab0000,0x00000000ee8b0000,0x00000000ee8b0000)
  from space 5248K, 99% used [0x00000000eedd0000,0x00000000ef2e9490,0x00000000ef2f0000)
  to   space 5248K, 0% used [0x00000000ee8b0000,0x00000000ee8b0000,0x00000000eedd0000)
 ParOldGen       total 84608K, used 4781K [0x00000000c0000000, 0x00000000c52a0000, 0x00000000eaab0000)
  object space 84608K, 5% used [0x00000000c0000000,0x00000000c04ab790,0x00000000c52a0000)
 PSPermGen       total 21248K, used 6130K [0x00000000bae00000, 0x00000000bc2c0000, 0x00000000c0000000)
  object space 21248K, 28% used [0x00000000bae00000,0x00000000bb3fca48,0x00000000bc2c0000)
Event: 9.356 GC heap after
Heap after GC invocations=3 (full 0):
 PSYoungGen      total 68736K, used 5242K [0x00000000eaab0000, 0x00000000f30f0000, 0x0000000100000000)
  eden space 63488K, 0% used [0x00000000eaab0000,0x00000000eaab0000,0x00000000ee8b0000)
  from space 5248K, 99% used [0x00000000ee8b0000,0x00000000eedcea00,0x00000000eedd0000)
  to   space 5248K, 0% used [0x00000000f2bd0000,0x00000000f2bd0000,0x00000000f30f0000)
 ParOldGen       total 84608K, used 14525K [0x00000000c0000000, 0x00000000c52a0000, 0x00000000eaab0000)
  object space 84608K, 17% used [0x00000000c0000000,0x00000000c0e2f560,0x00000000c52a0000)
 PSPermGen       total 21248K, used 6130K [0x00000000bae00000, 0x00000000bc2c0000, 0x00000000c0000000)
  object space 21248K, 28% used [0x00000000bae00000,0x00000000bb3fca48,0x00000000bc2c0000)
}

